<?xml version="1.0" encoding="UTF-8"?>
<testng-results ignored="0" total="1" passed="1" failed="0" skipped="0">
  <reporter-output>
  </reporter-output>
  <suite started-at="2024-08-24T21:05:46 IST" name="Suite" finished-at="2024-08-24T21:06:21 IST" duration-ms="35284">
    <groups>
    </groups>
    <test started-at="2024-08-24T21:05:46 IST" name="Test" finished-at="2024-08-24T21:06:21 IST" duration-ms="35284">
      <class name="POM.P2">
        <test-method is-config="true" signature="setup()[pri:0, instance:POM.P2@323b36e0]" started-at="2024-08-24T21:05:46 IST" name="setup" finished-at="2024-08-24T21:06:15 IST" duration-ms="28983" status="PASS">
          <reporter-output>
          </reporter-output>
        </test-method> <!-- setup -->
        <test-method signature="parameter()[pri:0, instance:POM.P2@323b36e0]" started-at="2024-08-24T21:06:15 IST" name="parameter" finished-at="2024-08-24T21:06:20 IST" duration-ms="5155" status="PASS">
          <reporter-output>
          </reporter-output>
        </test-method> <!-- parameter -->
        <test-method is-config="true" signature="v()[pri:0, instance:POM.P2@323b36e0]" started-at="2024-08-24T21:06:20 IST" name="v" finished-at="2024-08-24T21:06:21 IST" duration-ms="999" status="PASS">
          <reporter-output>
          </reporter-output>
        </test-method> <!-- v -->
      </class> <!-- POM.P2 -->
    </test> <!-- Test -->
  </suite> <!-- Suite -->
</testng-results>
